<?xml version="1.0" encoding="UTF-8"?>
<testsuite name="com.sanghun.fullstack.LombokTest" tests="1" skipped="0" failures="0" errors="0" timestamp="2021-05-10T16:13:16" hostname="DESKTOP-0TP5SBA" time="0.016">
  <properties/>
  <testcase name="ResultTest()" classname="com.sanghun.fullstack.LombokTest" time="0.016"/>
  <system-out><![CDATA[ResultVO(code=0, message=hong)
]]></system-out>
  <system-err><![CDATA[]]></system-err>
</testsuite>
